{
  "RSpec": {
    "coverage": {
      "/home/ali/git/rails4_jquery_upload/lib/rails4_jquery_upload.rb": [
        1,
        null,
        1,
        null
      ],
      "/home/ali/git/rails4_jquery_upload/lib/rails4_jquery_upload/engine.rb": [
        1,
        1,
        1,
        1,
        1,
        1,
        1,
        1,
        null,
        1,
        1,
        1,
        null,
        null,
        1,
        1,
        null,
        1,
        null,
        1,
        0,
        null,
        null,
        null,
        null,
        null,
        null
      ],
      "/home/ali/git/rails4_jquery_upload/app/helpers/rails4_jquery_upload/application_helper.rb": [
        1,
        1,
        null,
        null
      ],
      "/home/ali/git/rails4_jquery_upload/app/helpers/rails4_jquery_upload/jquery_fileupload_helper.rb": [
        1,
        1,
        null,
        1,
        null,
        null,
        null,
        null,
        null,
        null,
        6,
        6,
        null,
        6,
        6,
        6,
        6,
        6,
        6,
        6,
        null,
        null,
        null,
        1,
        null,
        null,
        null,
        6,
        null,
        null,
        null,
        1,
        null,
        null,
        null,
        null,
        6,
        null,
        null,
        null,
        1,
        6,
        null,
        null,
        null,
        null,
        null,
        null,
        null,
        1,
        null,
        null,
        null,
        6,
        null,
        null,
        1,
        null,
        null,
        null,
        6,
        null,
        null,
        1,
        null,
        null,
        null,
        null,
        null,
        null,
        null,
        6,
        null,
        null,
        1,
        null,
        null,
        null,
        null,
        6,
        null,
        null,
        null,
        null,
        1,
        null,
        null,
        null,
        null,
        null,
        null,
        null,
        null,
        null,
        null,
        null,
        null,
        null,
        null,
        null,
        null,
        null,
        null,
        null,
        6,
        null,
        null,
        null,
        null,
        null,
        null,
        null,
        null,
        null,
        null,
        null,
        null,
        null,
        null,
        null,
        null,
        null,
        1,
        null,
        null,
        null,
        null,
        null,
        null,
        null,
        null,
        null,
        null,
        null,
        null,
        null,
        null,
        null,
        null,
        null,
        null,
        null,
        null,
        null,
        null,
        null,
        null,
        null,
        null,
        null,
        null,
        null,
        null,
        6,
        null,
        null,
        null,
        null,
        null,
        null,
        null,
        null,
        null,
        null,
        null,
        null,
        null,
        null,
        null,
        null,
        null,
        null,
        null,
        null
      ],
      "/home/ali/git/rails4_jquery_upload/app/controllers/rails4_jquery_upload/uploads_controller.rb": [
        1,
        1,
        1,
        null,
        1,
        56,
        14,
        14,
        7,
        56,
        7,
        null,
        7,
        7,
        7,
        7,
        7,
        7,
        7,
        0,
        null,
        null,
        null,
        7,
        7,
        7,
        null,
        null,
        null,
        0,
        null,
        null,
        null,
        null,
        null,
        null,
        1,
        0,
        0,
        0,
        0,
        null,
        null,
        null,
        null
      ],
      "/home/ali/git/rails4_jquery_upload/app/controllers/concerns/rails4_jquery_upload/has_upload_concern.rb": [
        1,
        1,
        1,
        null,
        1,
        null,
        1,
        0,
        0,
        null,
        null,
        null,
        1,
        null,
        null,
        null,
        null,
        null,
        null,
        null,
        7,
        null,
        null,
        1,
        0,
        null,
        null,
        null,
        null
      ]
    },
    "timestamp": 1394900401
  }
}
